<?xml version="1.0" encoding="UTF-8"?>
<!-- Generated by org.testng.reporters.JUnitXMLReporter -->
<testsuite ignored="3" hostname="LAPTOP-DN3J840J" failures="0" tests="2" name="TC_005" time="12.122" errors="0" timestamp="2023-04-30T14:32:51 CDT">
  <testcase classname="TestCases.TC_001_Login" name="loginWithValidCredentials" time="3.345"/>
  <testcase classname="TestCases.TC_003_Logout" name="logout" time="3.745"/>
  <testcase classname="TestCases.TC_002_SortingAll" name="sorting" time="0.0">
    <ignored/>
  </testcase> <!-- sorting -->
  <testcase classname="TestCases.TC_004_FullCheckOut" name="addingToCartAndPriceCheck" time="0.0">
    <ignored/>
  </testcase> <!-- addingToCartAndPriceCheck -->
  <testcase classname="TestCases.TC_005_Experiment" name="experiment" time="0.0">
    <ignored/>
  </testcase> <!-- experiment -->
</testsuite> <!-- TC_005 -->
