<?xml version="1.0" encoding="UTF-8"?>
<!-- Generated by org.testng.reporters.JUnitXMLReporter -->
<testsuite ignored="0" hostname="LAPTOP-DN3J840J" failures="0" tests="5" name="TC_005" time="41.754" errors="0" timestamp="2023-04-30T14:32:39 CDT">
  <testcase classname="TestCases.TC_001_Login" name="loginWithValidCredentials" time="3.353"/>
  <testcase classname="TestCases.TC_002_SortingAll" name="sorting" time="4.057"/>
  <testcase classname="TestCases.TC_003_Logout" name="logout" time="3.753"/>
  <testcase classname="TestCases.TC_004_FullCheckOut" name="addingToCartAndPriceCheck" time="6.154"/>
  <testcase classname="TestCases.TC_005_Experiment" name="experiment" time="12.087"/>
</testsuite> <!-- TC_005 -->
