<?xml version="1.0" encoding="UTF-8"?>
<!-- Generated by org.testng.reporters.JUnitXMLReporter -->
<testsuite ignored="0" hostname="LAPTOP-DN3J840J" failures="0" tests="4" name="SauceLabs TestNG firefox test" time="29.365" errors="0" timestamp="2023-04-30T14:27:19 CDT">
  <testcase classname="TestCases.TC_001_Login" name="loginWithValidCredentials" time="3.387"/>
  <testcase classname="TestCases.TC_002_SortingAll" name="sorting" time="4.101"/>
  <testcase classname="TestCases.TC_003_Logout" name="logout" time="3.758"/>
  <testcase classname="TestCases.TC_004_FullCheckOut" name="addingToCartAndPriceCheck" time="6.212"/>
</testsuite> <!-- SauceLabs TestNG firefox test -->
