<?xml version="1.0" encoding="UTF-8"?>
<!-- Generated by org.testng.reporters.JUnitXMLReporter -->
<testsuite ignored="0" hostname="LAPTOP-DN3J840J" failures="0" tests="5" name="SauceLabsTestNG Edge Sanity" time="38.015" errors="0" timestamp="2023-04-30T14:31:24 CDT">
  <testcase classname="TestCases.TC_001_Login" name="loginWithValidCredentials" time="3.173"/>
  <testcase classname="TestCases.TC_002_SortingAll" name="sorting" time="3.5"/>
  <testcase classname="TestCases.TC_003_Logout" name="logout" time="3.289"/>
  <testcase classname="TestCases.TC_004_FullCheckOut" name="addingToCartAndPriceCheck" time="3.889"/>
  <testcase classname="TestCases.TC_005_Experiment" name="experiment" time="9.421"/>
</testsuite> <!-- SauceLabsTestNG Edge Sanity -->
